[debug] [2018-06-23T06:42:23.693Z] ----------------------------------------------------------------------
[debug] [2018-06-23T06:42:23.695Z] Command:       /usr/local/bin/node /usr/local/bin/firebase deploy
[debug] [2018-06-23T06:42:23.695Z] CLI Version:   3.18.6
[debug] [2018-06-23T06:42:23.695Z] Platform:      darwin
[debug] [2018-06-23T06:42:23.695Z] Node Version:  v8.11.2
[debug] [2018-06-23T06:42:23.696Z] Time:          Fri Jun 22 2018 23:42:23 GMT-0700 (PDT)
[debug] [2018-06-23T06:42:23.696Z] ----------------------------------------------------------------------
[debug] 
[debug] [2018-06-23T06:42:23.705Z] > command requires scopes: ["email","openid","https://www.googleapis.com/auth/cloudplatformprojects.readonly","https://www.googleapis.com/auth/firebase","https://www.googleapis.com/auth/cloud-platform"]
[debug] [2018-06-23T06:42:23.706Z] > authorizing via signed-in user
[debug] [2018-06-23T06:42:23.707Z] >>> HTTP REQUEST GET https://admin.firebase.com/v1/projects/project-serantis  
  
 Fri Jun 22 2018 23:42:23 GMT-0700 (PDT)
[debug] [2018-06-23T06:42:24.129Z] <<< HTTP RESPONSE 200
[debug] [2018-06-23T06:42:24.130Z] >>> HTTP REQUEST GET https://admin.firebase.com/v1/database/project-serantis/tokens  
  
 Fri Jun 22 2018 23:42:24 GMT-0700 (PDT)
[debug] [2018-06-23T06:42:24.539Z] <<< HTTP RESPONSE 200
[info] 
[info] === Deploying to 'project-serantis'...
[info] 
[info] i  deploying functions, hosting
[debug] [2018-06-23T06:42:27.042Z] > [functions] package.json contents: {
  "name": "functions",
  "description": "Cloud Functions for Firebase",
  "scripts": {
    "serve": "firebase serve --only functions",
    "shell": "firebase functions:shell",
    "start": "npm run shell",
    "deploy": "firebase deploy --only functions",
    "logs": "firebase functions:log"
  },
  "dependencies": {
    "express": "^4.16.3",
    "firebase-admin": "~5.12.1",
    "firebase-functions": "^1.0.3"
  },
  "private": true
}
[info] i  functions: ensuring necessary APIs are enabled...
[debug] [2018-06-23T06:42:27.043Z] >>> HTTP REQUEST GET https://servicemanagement.googleapis.com/v1/services/cloudfunctions.googleapis.com/projectSettings/project-serantis?view=CONSUMER_VIEW  
  
 Fri Jun 22 2018 23:42:27 GMT-0700 (PDT)
[debug] [2018-06-23T06:42:27.043Z] >>> HTTP REQUEST GET https://servicemanagement.googleapis.com/v1/services/runtimeconfig.googleapis.com/projectSettings/project-serantis?view=CONSUMER_VIEW  
  
 Fri Jun 22 2018 23:42:27 GMT-0700 (PDT)
[debug] [2018-06-23T06:42:27.842Z] <<< HTTP RESPONSE 200
[debug] [2018-06-23T06:42:27.852Z] <<< HTTP RESPONSE 200
[info] ✔  functions: all necessary APIs are enabled
[debug] [2018-06-23T06:42:27.853Z] >>> HTTP REQUEST GET https://cloudresourcemanager.googleapis.com/v1/projects/project-serantis  
  
 Fri Jun 22 2018 23:42:27 GMT-0700 (PDT)
[debug] [2018-06-23T06:42:28.443Z] <<< HTTP RESPONSE 200
[debug] [2018-06-23T06:42:28.444Z] >>> HTTP REQUEST GET https://mobilesdk-pa.googleapis.com/v1/projects/63021012869:getServerAppConfig  
  
 Fri Jun 22 2018 23:42:28 GMT-0700 (PDT)
[debug] [2018-06-23T06:42:29.056Z] <<< HTTP RESPONSE 200
[info] i  functions: preparing functions directory for uploading...
[debug] [2018-06-23T06:42:29.059Z] >>> HTTP REQUEST GET https://runtimeconfig.googleapis.com/v1beta1/projects/project-serantis/configs  
  
 Fri Jun 22 2018 23:42:29 GMT-0700 (PDT)
[debug] [2018-06-23T06:42:29.361Z] <<< HTTP RESPONSE 200
[info] i  functions: packaged functions (31.33 KB) for uploading
[debug] [2018-06-23T06:42:29.598Z] >>> HTTP REQUEST POST https://cloudfunctions.googleapis.com/v1/projects/project-serantis/locations/us-central1/functions:generateUploadUrl  
  
 Fri Jun 22 2018 23:42:29 GMT-0700 (PDT)
[debug] [2018-06-23T06:43:00.088Z] <<< HTTP RESPONSE 503
[debug] [2018-06-23T06:43:00.088Z] <<< HTTP RESPONSE BODY {
  "error": {
    "code": 503,
    "message": "The service is currently unavailable.",
    "status": "UNAVAILABLE"
  }
}

[debug] [2018-06-23T06:43:00.096Z] TypeError: Cannot create property 'error' on string '{
  "error": {
    "code": 503,
    "message": "The service is currently unavailable.",
    "status": "UNAVAILABLE"
  }
}
'
    at module.exports (/usr/local/lib/node_modules/firebase-tools/lib/responseToError.js:11:16)
    at Request._callback (/usr/local/lib/node_modules/firebase-tools/lib/api.js:47:25)
    at Request.self.callback (/usr/local/lib/node_modules/firebase-tools/node_modules/request/request.js:185:22)
    at emitTwo (events.js:126:13)
    at Request.emit (events.js:214:7)
    at Request.<anonymous> (/usr/local/lib/node_modules/firebase-tools/node_modules/request/request.js:1157:10)
    at emitOne (events.js:116:13)
    at Request.emit (events.js:211:7)
    at IncomingMessage.<anonymous> (/usr/local/lib/node_modules/firebase-tools/node_modules/request/request.js:1079:12)
    at Object.onceWrapper (events.js:313:30)
[error] 
[error] Error: An unexpected error has occurred.
